[  0%] Built target geometry_msgs_generate_messages_py
[  0%] Built target geometry_msgs_generate_messages_lisp
[  0%] Built target geometry_msgs_generate_messages_eus
[  0%] Built target geometry_msgs_generate_messages_cpp
[  0%] Built target rosgraph_msgs_generate_messages_nodejs
[  0%] Built target _myworkcell_core_generate_messages_check_deps_LocalizePart
[  0%] Built target rosgraph_msgs_generate_messages_py
[  0%] Built target std_msgs_generate_messages_eus
[  0%] Built target rosgraph_msgs_generate_messages_eus
[  0%] Built target rosgraph_msgs_generate_messages_lisp
[  0%] Built target fake_ar_publisher_generate_messages_eus
[  0%] Built target fake_ar_publisher_generate_messages_cpp
[  0%] Built target rosgraph_msgs_generate_messages_cpp
[  0%] Built target roscpp_generate_messages_py
[  0%] Built target std_msgs_generate_messages_py
[  0%] Built target roscpp_generate_messages_nodejs
[  0%] Built target roscpp_generate_messages_eus
[  0%] Built target roscpp_generate_messages_lisp
[  0%] Built target geometry_msgs_generate_messages_nodejs
[  0%] Built target roscpp_generate_messages_cpp
[  0%] Built target std_msgs_generate_messages_lisp
[  0%] Built target std_msgs_generate_messages_nodejs
[  0%] Built target fake_ar_publisher_generate_messages_lisp
[  0%] Built target fake_ar_publisher_generate_messages_nodejs
[  0%] Built target fake_ar_publisher_generate_messages_py
[  0%] Built target visualization_msgs_generate_messages_cpp
[  0%] Built target visualization_msgs_generate_messages_lisp
[  0%] Built target visualization_msgs_generate_messages_eus
[  0%] Built target std_msgs_generate_messages_cpp
[  0%] Built target visualization_msgs_generate_messages_nodejs
[  0%] Built target visualization_msgs_generate_messages_py
[ 18%] Built target myworkcell_core_generate_messages_py
[ 27%] Built target myworkcell_core_generate_messages_lisp
[ 45%] Built target myworkcell_core_generate_messages_eus
[ 54%] Built target myworkcell_core_generate_messages_cpp
[ 63%] Built target myworkcell_core_generate_messages_nodejs
[ 63%] Built target myworkcell_core_generate_messages
[35m[1mScanning dependencies of target vision_node[0m
[ 81%] Built target myworkcell_node
[ 90%] [32mBuilding CXX object CMakeFiles/vision_node.dir/src/vision_node.cpp.o[0m
[100%] [32m[1mLinking CXX executable /home/afif/catkin_ws/devel/.private/myworkcell_core/lib/myworkcell_core/vision_node[0m
CMakeFiles/vision_node.dir/src/vision_node.cpp.o: In function `Localizer::Localizer(ros::NodeHandle&)':
vision_node.cpp:(.text._ZN9LocalizerC2ERN3ros10NodeHandleE[_ZN9LocalizerC5ERN3ros10NodeHandleE]+0x74): undefined reference to `tf::Transformer::DEFAULT_CACHE_TIME'
vision_node.cpp:(.text._ZN9LocalizerC2ERN3ros10NodeHandleE[_ZN9LocalizerC5ERN3ros10NodeHandleE]+0xa9): undefined reference to `tf::TransformListener::TransformListener(ros::Duration, bool)'
vision_node.cpp:(.text._ZN9LocalizerC2ERN3ros10NodeHandleE[_ZN9LocalizerC5ERN3ros10NodeHandleE]+0x330): undefined reference to `tf::TransformListener::~TransformListener()'
CMakeFiles/vision_node.dir/src/vision_node.cpp.o: In function `Localizer::localizePart(myworkcell_core::LocalizePartRequest_<std::allocator<void> >&, myworkcell_core::LocalizePartResponse_<std::allocator<void> >&)':
vision_node.cpp:(.text._ZN9Localizer12localizePartERN15myworkcell_core20LocalizePartRequest_ISaIvEEERNS0_21LocalizePartResponse_IS2_EE[_ZN9Localizer12localizePartERN15myworkcell_core20LocalizePartRequest_ISaIvEEERNS0_21LocalizePartResponse_IS2_EE]+0x103): undefined reference to `tf::Transformer::lookupTransform(std::__cxx11::basic_string<char, std::char_traits<char>, std::allocator<char> > const&, std::__cxx11::basic_string<char, std::char_traits<char>, std::allocator<char> > const&, ros::Time const&, tf::StampedTransform&) const'
CMakeFiles/vision_node.dir/src/vision_node.cpp.o: In function `Localizer::~Localizer()':
vision_node.cpp:(.text._ZN9LocalizerD2Ev[_ZN9LocalizerD5Ev]+0x18): undefined reference to `tf::TransformListener::~TransformListener()'
collect2: error: ld returned 1 exit status
CMakeFiles/vision_node.dir/build.make:112: recipe for target '/home/afif/catkin_ws/devel/.private/myworkcell_core/lib/myworkcell_core/vision_node' failed
make[2]: *** [/home/afif/catkin_ws/devel/.private/myworkcell_core/lib/myworkcell_core/vision_node] Error 1
CMakeFiles/Makefile2:172: recipe for target 'CMakeFiles/vision_node.dir/all' failed
make[1]: *** [CMakeFiles/vision_node.dir/all] Error 2
Makefile:140: recipe for target 'all' failed
make: *** [all] Error 2
